<?xml version="1.0" encoding="UTF-8"?>
<!-- Generated by org.testng.reporters.JUnitReportReporter -->
<testsuite skipped="0" hostname="DESKTOP-UG71NEM" name="TestCases.LoginTestCase" tests="1" failures="0" timestamp="2023-08-09T11:53:28 IST" time="33.001" errors="0">
  <testcase name="loginTest" time="33.001" classname="TestCases.LoginTestCase"/>
  <system-out/>
</testsuite> <!-- TestCases.LoginTestCase -->
