<?xml version="1.0" encoding="UTF-8"?>
<!-- Generated by org.testng.reporters.JUnitReportReporter -->
<testsuite skipped="0" hostname="DESKTOP-UG71NEM" name="PageObjects.test" tests="1" failures="0" timestamp="2023-08-09T10:17:08 IST" time="26.139" errors="0">
  <testcase name="test" time="26.139" classname="PageObjects.test"/>
  <system-out/>
</testsuite> <!-- PageObjects.test -->
