<?xml version="1.0" encoding="UTF-8"?>
<!-- Generated by org.testng.reporters.JUnitReportReporter -->
<testsuite hostname="DESKTOP-UG71NEM" failures="0" tests="1" name="TestCases.LoginTestCase" time="27.949" errors="0" timestamp="2023-08-09T12:24:46 IST" skipped="0">
  <testcase classname="TestCases.LoginTestCase" name="loginTest" time="27.949"/>
  <system-out/>
</testsuite> <!-- TestCases.LoginTestCase -->
